<?xml version="1.0" encoding="UTF-8"?>
<testsuite name="test_models.TestStringMethods-20221111200355" tests="3" file="test_models.py" time="0.003" timestamp="2022-11-11T20:03:55" failures="0" errors="0" skipped="0">
	<testcase classname="test_models.TestStringMethods" name="test_isupper" time="0.002" timestamp="2022-11-11T20:03:55" file="tests/test_models.py" line="9"/>
	<testcase classname="test_models.TestStringMethods" name="test_split" time="0.000" timestamp="2022-11-11T20:03:55" file="tests/test_models.py" line="13"/>
	<testcase classname="test_models.TestStringMethods" name="test_upper" time="0.000" timestamp="2022-11-11T20:03:55" file="tests/test_models.py" line="6"/>
</testsuite>
